<?xml version="1.0" encoding="UTF-8"?>
<!-- Generated by org.testng.reporters.JUnitReportReporter -->
<testsuite hostname="WorkStation" failures="0" tests="1" name="day1.HTTPRequests" time="2.590" errors="0" timestamp="2022-12-03T17:05:54 GMT" skipped="0">
  <testcase classname="day1.HTTPRequests" name="getUsers" time="2.590"/>
  <system-out/>
</testsuite> <!-- day1.HTTPRequests -->
